<?xml version="1.0" encoding="UTF-8"?>
<!-- Generated by org.testng.reporters.JUnitReportReporter -->
<testsuite skipped="0" hostname="RSASANJEEV" name="com.testng.test.TestClass" tests="1" failures="0" timestamp="2021-07-19T13:33:04 CDT" time="0.005" errors="0">
  <testcase name="firstTestMethodForAnotherTest" time="0.005" classname="com.testng.test.TestClass"/>
  <system-out/>
</testsuite> <!-- com.testng.test.TestClass -->
