<?xml version="1.0" encoding="UTF-8"?>
<!-- Generated by org.testng.reporters.JUnitReportReporter -->
<testsuite skipped="0" hostname="RSASANJEEV" name="com.testng.test.Group" tests="1" failures="0" timestamp="2021-07-19T13:33:04 CDT" time="0.004" errors="0">
  <testcase name="smokeTest1" time="0.004" classname="com.testng.test.Group"/>
  <system-out/>
</testsuite> <!-- com.testng.test.Group -->
