<?xml version="1.0" encoding="UTF-8"?>
<!-- Generated by org.testng.reporters.JUnitReportReporter -->
<testsuite skipped="0" hostname="RSASANJEEV" name="com.testng.test.Parameter" tests="1" failures="0" timestamp="2021-07-19T19:47:37 CDT" time="0.008" errors="0">
  <testcase name="launchBrowser" time="0.008" classname="com.testng.test.Parameter"/>
  <system-out/>
</testsuite> <!-- com.testng.test.Parameter -->
